e:\source\repos\esercitazioniinfoa\liste\debug\vc120.pdb
e:\source\repos\esercitazioniinfoa\liste\debug\vc120.idb
e:\source\repos\esercitazioniinfoa\liste\debug\ese1.obj
e:\source\repos\esercitazioniinfoa\liste\debug\tde24022012.obj
e:\source\repos\esercitazioniinfoa\liste\debug\tde20022006.obj
e:\source\repos\esercitazioniinfoa\debug\liste.ilk
e:\source\repos\esercitazioniinfoa\debug\liste.exe
e:\source\repos\esercitazioniinfoa\debug\liste.pdb
e:\source\repos\esercitazioniinfoa\liste\debug\liste.tlog\cl.command.1.tlog
e:\source\repos\esercitazioniinfoa\liste\debug\liste.tlog\cl.read.1.tlog
e:\source\repos\esercitazioniinfoa\liste\debug\liste.tlog\cl.write.1.tlog
e:\source\repos\esercitazioniinfoa\liste\debug\liste.tlog\link.3636-cvtres.read.1.tlog
e:\source\repos\esercitazioniinfoa\liste\debug\liste.tlog\link.3636-cvtres.write.1.tlog
e:\source\repos\esercitazioniinfoa\liste\debug\liste.tlog\link.3636-rc.read.1.tlog
e:\source\repos\esercitazioniinfoa\liste\debug\liste.tlog\link.3636-rc.write.1.tlog
e:\source\repos\esercitazioniinfoa\liste\debug\liste.tlog\link.3636.read.1.tlog
e:\source\repos\esercitazioniinfoa\liste\debug\liste.tlog\link.3636.write.1.tlog
e:\source\repos\esercitazioniinfoa\liste\debug\liste.tlog\link.command.1.tlog
e:\source\repos\esercitazioniinfoa\liste\debug\liste.tlog\link.read.1.tlog
e:\source\repos\esercitazioniinfoa\liste\debug\liste.tlog\link.write.1.tlog
